[0.013s] Invoking command in '/home/adimas/zed_ros2/build/open_cam': CMAKE_PREFIX_PATH=${CMAKE_PREFIX_PATH}:/opt/ros/foxy /usr/bin/cmake --build /home/adimas/zed_ros2/build/open_cam -- -j8 -l8
[0.041s] [ 50%] [32mBuilding CXX object CMakeFiles/open_cam.dir/src/main.cpp.o[0m
[1.870s] [01m[K/home/adimas/zed_ros2/src/open_cam/src/main.cpp:8:17:[m[K [01;31m[Kerror: [m[Kâ€˜[01m[Ksl[m[Kâ€™ is not a namespace-name
[1.870s]     8 | using namespace [01;31m[Ksl[m[K;
[1.870s]       |                 [01;31m[K^~[m[K
[1.887s] [01m[K/home/adimas/zed_ros2/src/open_cam/src/main.cpp:[m[K In member function â€˜[01m[Kvoid ZedCameraNode::captureImage()[m[Kâ€™:
[1.887s] [01m[K/home/adimas/zed_ros2/src/open_cam/src/main.cpp:26:5:[m[K [01;31m[Kerror: [m[Kâ€˜[01m[KCamera[m[Kâ€™ was not declared in this scope
[1.887s]    26 |     [01;31m[KCamera[m[K zed;
[1.887s]       |     [01;31m[K^~~~~~[m[K
[1.887s] [01m[K/home/adimas/zed_ros2/src/open_cam/src/main.cpp:28:5:[m[K [01;31m[Kerror: [m[Kâ€˜[01m[Ksl[m[Kâ€™ has not been declared
[1.887s]    28 |     [01;31m[Ksl[m[K::InitParameters init_parameters;
[1.887s]       |     [01;31m[K^~[m[K
[1.889s] [01m[K/home/adimas/zed_ros2/src/open_cam/src/main.cpp:29:5:[m[K [01;31m[Kerror: [m[Kâ€˜[01m[Kinit_parameters[m[Kâ€™ was not declared in this scope; did you mean â€˜[01m[Kset_parameters[m[Kâ€™?
[1.889s]    29 |     [01;31m[Kinit_parameters[m[K.sdk_verbose = true;
[1.889s]       |     [01;31m[K^~~~~~~~~~~~~~~[m[K
[1.889s]       |     [32m[Kset_parameters[m[K
[1.890s] [01m[K/home/adimas/zed_ros2/src/open_cam/src/main.cpp:30:40:[m[K [01;31m[Kerror: [m[Kâ€˜[01m[Ksl[m[Kâ€™ has not been declared
[1.890s]    30 |     init_parameters.camera_resolution= [01;31m[Ksl[m[K::RESOLUTION::AUTO;
[1.890s]       |                                        [01;31m[K^~[m[K
[1.890s] [01m[K/home/adimas/zed_ros2/src/open_cam/src/main.cpp:31:34:[m[K [01;31m[Kerror: [m[Kâ€˜[01m[Ksl[m[Kâ€™ has not been declared
[1.890s]    31 |     init_parameters.depth_mode = [01;31m[Ksl[m[K::DEPTH_MODE::NONE; // no depth computation required here
[1.890s]       |                                  [01;31m[K^~[m[K
[1.891s] [01m[K/home/adimas/zed_ros2/src/open_cam/src/main.cpp:32:15:[m[K [01;31m[Kerror: [m[Kâ€˜[01m[Kargc[m[Kâ€™ was not declared in this scope
[1.891s]    32 |     parseArgs([01;31m[Kargc[m[K,argv, init_parameters);
[1.891s]       |               [01;31m[K^~~~[m[K
[1.892s] [01m[K/home/adimas/zed_ros2/src/open_cam/src/main.cpp:32:20:[m[K [01;31m[Kerror: [m[Kâ€˜[01m[Kargv[m[Kâ€™ was not declared in this scope
[1.892s]    32 |     parseArgs(argc,[01;31m[Kargv[m[K, init_parameters);
[1.892s]       |                    [01;31m[K^~~~[m[K
[1.895s] [01m[K/home/adimas/zed_ros2/src/open_cam/src/main.cpp:32:5:[m[K [01;31m[Kerror: [m[Kâ€˜[01m[KparseArgs[m[Kâ€™ was not declared in this scope
[1.895s]    32 |     [01;31m[KparseArgs[m[K(argc,argv, init_parameters);
[1.895s]       |     [01;31m[K^~~~~~~~~[m[K
[1.896s] [01m[K/home/adimas/zed_ros2/src/open_cam/src/main.cpp:37:5:[m[K [01;31m[Kerror: [m[Kâ€˜[01m[Kzed[m[Kâ€™ was not declared in this scope
[1.896s]    37 |     [01;31m[Kzed[m[K.retrieveImage(frame, VIEW::LEFT);
[1.896s]       |     [01;31m[K^~~[m[K
[1.896s] [01m[K/home/adimas/zed_ros2/src/open_cam/src/main.cpp:37:30:[m[K [01;31m[Kerror: [m[Kâ€˜[01m[KVIEW[m[Kâ€™ has not been declared
[1.896s]    37 |     zed.retrieveImage(frame, [01;31m[KVIEW[m[K::LEFT);
[1.896s]       |                              [01;31m[K^~~~[m[K
[1.896s] [01m[K/home/adimas/zed_ros2/src/open_cam/src/main.cpp:38:43:[m[K [01;31m[Kerror: [m[Kâ€˜[01m[Kclass cv::Mat[m[Kâ€™ has no member named â€˜[01m[KgetHeight[m[Kâ€™
[1.896s]    38 |     cv::Mat cvImage = cv::Mat((int) frame.[01;31m[KgetHeight[m[K(), (int) frame.getWidth(), CV_8UC4, zed_image.getPtr<sl::uchar1>(sl::MEM::CPU));
[1.896s]       |                                           [01;31m[K^~~~~~~~~[m[K
[1.896s] [01m[K/home/adimas/zed_ros2/src/open_cam/src/main.cpp:38:68:[m[K [01;31m[Kerror: [m[Kâ€˜[01m[Kclass cv::Mat[m[Kâ€™ has no member named â€˜[01m[KgetWidth[m[Kâ€™
[1.896s]    38 | cv::Mat cvImage = cv::Mat((int) frame.getHeight(), (int) frame.[01;31m[KgetWidth[m[K(), CV_8UC4, zed_image.getPtr<sl::uchar1>(sl::MEM::CPU));
[1.897s]       |                                                                [01;31m[K^~~~~~~~[m[K
[1.897s] 
[1.899s] [01m[K/home/adimas/zed_ros2/src/open_cam/src/main.cpp:38:89:[m[K [01;31m[Kerror: [m[Kâ€˜[01m[Kzed_image[m[Kâ€™ was not declared in this scope
[1.899s]    38 | :Mat((int) frame.getHeight(), (int) frame.getWidth(), CV_8UC4, [01;31m[Kzed_image[m[K.getPtr<sl::uchar1>(sl::MEM::CPU));
[1.899s]       |                                                                [01;31m[K^~~~~~~~~[m[K
[1.899s] 
[1.900s] [01m[K/home/adimas/zed_ros2/src/open_cam/src/main.cpp:38:106:[m[K [01;31m[Kerror: [m[Kâ€˜[01m[Ksl[m[Kâ€™ was not declared in this scope
[1.900s]    38 | getHeight(), (int) frame.getWidth(), CV_8UC4, zed_image.getPtr<[01;31m[Ksl[m[K::uchar1>(sl::MEM::CPU));
[1.900s]       |                                                                [01;31m[K^~[m[K
[1.900s] 
[2.735s] make[2]: *** [CMakeFiles/open_cam.dir/build.make:76: CMakeFiles/open_cam.dir/src/main.cpp.o] Error 1
[2.735s] make[1]: *** [CMakeFiles/Makefile2:137: CMakeFiles/open_cam.dir/all] Error 2
[2.735s] make: *** [Makefile:146: all] Error 2
[2.737s] Invoked command in '/home/adimas/zed_ros2/build/open_cam' returned '2': CMAKE_PREFIX_PATH=${CMAKE_PREFIX_PATH}:/opt/ros/foxy /usr/bin/cmake --build /home/adimas/zed_ros2/build/open_cam -- -j8 -l8
