[01m[K/home/adimas/zed_ros2/src/open_cam/src/main.cpp:[m[K In member function â€˜[01m[Kvoid ZedCameraNode::captureImage()[m[Kâ€™:
[01m[K/home/adimas/zed_ros2/src/open_cam/src/main.cpp:23:5:[m[K [01;31m[Kerror: [m[Kâ€˜[01m[KCamera[m[Kâ€™ was not declared in this scope
   23 |     [01;31m[KCamera[m[K zed;
      |     [01;31m[K^~~~~~[m[K
[01m[K/home/adimas/zed_ros2/src/open_cam/src/main.cpp:25:5:[m[K [01;31m[Kerror: [m[Kâ€˜[01m[Ksl[m[Kâ€™ has not been declared
   25 |     [01;31m[Ksl[m[K::InitParameters init_parameters;
      |     [01;31m[K^~[m[K
[01m[K/home/adimas/zed_ros2/src/open_cam/src/main.cpp:26:5:[m[K [01;31m[Kerror: [m[Kâ€˜[01m[Kinit_parameters[m[Kâ€™ was not declared in this scope; did you mean â€˜[01m[Kset_parameters[m[Kâ€™?
   26 |     [01;31m[Kinit_parameters[m[K.sdk_verbose = true;
      |     [01;31m[K^~~~~~~~~~~~~~~[m[K
      |     [32m[Kset_parameters[m[K
[01m[K/home/adimas/zed_ros2/src/open_cam/src/main.cpp:27:40:[m[K [01;31m[Kerror: [m[Kâ€˜[01m[Ksl[m[Kâ€™ has not been declared
   27 |     init_parameters.camera_resolution= [01;31m[Ksl[m[K::RESOLUTION::AUTO;
      |                                        [01;31m[K^~[m[K
[01m[K/home/adimas/zed_ros2/src/open_cam/src/main.cpp:28:34:[m[K [01;31m[Kerror: [m[Kâ€˜[01m[Ksl[m[Kâ€™ has not been declared
   28 |     init_parameters.depth_mode = [01;31m[Ksl[m[K::DEPTH_MODE::NONE; // no depth computation required here
      |                                  [01;31m[K^~[m[K
[01m[K/home/adimas/zed_ros2/src/open_cam/src/main.cpp:29:15:[m[K [01;31m[Kerror: [m[Kâ€˜[01m[Kargc[m[Kâ€™ was not declared in this scope
   29 |     parseArgs([01;31m[Kargc[m[K,argv, init_parameters);
      |               [01;31m[K^~~~[m[K
[01m[K/home/adimas/zed_ros2/src/open_cam/src/main.cpp:29:20:[m[K [01;31m[Kerror: [m[Kâ€˜[01m[Kargv[m[Kâ€™ was not declared in this scope
   29 |     parseArgs(argc,[01;31m[Kargv[m[K, init_parameters);
      |                    [01;31m[K^~~~[m[K
[01m[K/home/adimas/zed_ros2/src/open_cam/src/main.cpp:29:5:[m[K [01;31m[Kerror: [m[Kâ€˜[01m[KparseArgs[m[Kâ€™ was not declared in this scope
   29 |     [01;31m[KparseArgs[m[K(argc,argv, init_parameters);
      |     [01;31m[K^~~~~~~~~[m[K
[01m[K/home/adimas/zed_ros2/src/open_cam/src/main.cpp:34:5:[m[K [01;31m[Kerror: [m[Kâ€˜[01m[Kzed[m[Kâ€™ was not declared in this scope
   34 |     [01;31m[Kzed[m[K.retrieveImage(frame, VIEW::LEFT);
      |     [01;31m[K^~~[m[K
[01m[K/home/adimas/zed_ros2/src/open_cam/src/main.cpp:34:30:[m[K [01;31m[Kerror: [m[Kâ€˜[01m[KVIEW[m[Kâ€™ has not been declared
   34 |     zed.retrieveImage(frame, [01;31m[KVIEW[m[K::LEFT);
      |                              [01;31m[K^~~~[m[K
[01m[K/home/adimas/zed_ros2/src/open_cam/src/main.cpp:35:43:[m[K [01;31m[Kerror: [m[Kâ€˜[01m[Kclass cv::Mat[m[Kâ€™ has no member named â€˜[01m[KgetHeight[m[Kâ€™
   35 |     cv::Mat cvImage = cv::Mat((int) frame.[01;31m[KgetHeight[m[K(), (int) frame.getWidth(), CV_8UC4, zed_image.getPtr<sl::uchar1>(sl::MEM::CPU));
      |                                           [01;31m[K^~~~~~~~~[m[K
[01m[K/home/adimas/zed_ros2/src/open_cam/src/main.cpp:35:68:[m[K [01;31m[Kerror: [m[Kâ€˜[01m[Kclass cv::Mat[m[Kâ€™ has no member named â€˜[01m[KgetWidth[m[Kâ€™
   35 | cv::Mat cvImage = cv::Mat((int) frame.getHeight(), (int) frame.[01;31m[KgetWidth[m[K(), CV_8UC4, zed_image.getPtr<sl::uchar1>(sl::MEM::CPU));
      |                                                                [01;31m[K^~~~~~~~[m[K

[01m[K/home/adimas/zed_ros2/src/open_cam/src/main.cpp:35:89:[m[K [01;31m[Kerror: [m[Kâ€˜[01m[Kzed_image[m[Kâ€™ was not declared in this scope
   35 | :Mat((int) frame.getHeight(), (int) frame.getWidth(), CV_8UC4, [01;31m[Kzed_image[m[K.getPtr<sl::uchar1>(sl::MEM::CPU));
      |                                                                [01;31m[K^~~~~~~~~[m[K

[01m[K/home/adimas/zed_ros2/src/open_cam/src/main.cpp:35:106:[m[K [01;31m[Kerror: [m[Kâ€˜[01m[Ksl[m[Kâ€™ was not declared in this scope
   35 | getHeight(), (int) frame.getWidth(), CV_8UC4, zed_image.getPtr<[01;31m[Ksl[m[K::uchar1>(sl::MEM::CPU));
      |                                                                [01;31m[K^~[m[K

make[2]: *** [CMakeFiles/open_cam.dir/build.make:76: CMakeFiles/open_cam.dir/src/main.cpp.o] Error 1
make[1]: *** [CMakeFiles/Makefile2:137: CMakeFiles/open_cam.dir/all] Error 2
make: *** [Makefile:146: all] Error 2
