[0.012s] Invoking command in '/home/adimas/zed_ros2/build/open_cam': CMAKE_PREFIX_PATH=${CMAKE_PREFIX_PATH}:/opt/ros/foxy /usr/bin/cmake --build /home/adimas/zed_ros2/build/open_cam -- -j8 -l8
[0.036s] [ 50%] [32mBuilding CXX object CMakeFiles/open_cam.dir/src/main.cpp.o[0m
[1.800s] [01m[K/home/adimas/zed_ros2/src/open_cam/src/main.cpp:[m[K In member function â€˜[01m[Kvoid ZedCameraNode::captureImage()[m[Kâ€™:
[1.800s] [01m[K/home/adimas/zed_ros2/src/open_cam/src/main.cpp:23:5:[m[K [01;31m[Kerror: [m[Kâ€˜[01m[KCamera[m[Kâ€™ was not declared in this scope
[1.800s]    23 |     [01;31m[KCamera[m[K zed;
[1.801s]       |     [01;31m[K^~~~~~[m[K
[1.801s] [01m[K/home/adimas/zed_ros2/src/open_cam/src/main.cpp:25:5:[m[K [01;31m[Kerror: [m[Kâ€˜[01m[Ksl[m[Kâ€™ has not been declared
[1.801s]    25 |     [01;31m[Ksl[m[K::InitParameters init_parameters;
[1.801s]       |     [01;31m[K^~[m[K
[1.803s] [01m[K/home/adimas/zed_ros2/src/open_cam/src/main.cpp:26:5:[m[K [01;31m[Kerror: [m[Kâ€˜[01m[Kinit_parameters[m[Kâ€™ was not declared in this scope; did you mean â€˜[01m[Kset_parameters[m[Kâ€™?
[1.803s]    26 |     [01;31m[Kinit_parameters[m[K.sdk_verbose = true;
[1.803s]       |     [01;31m[K^~~~~~~~~~~~~~~[m[K
[1.803s]       |     [32m[Kset_parameters[m[K
[1.803s] [01m[K/home/adimas/zed_ros2/src/open_cam/src/main.cpp:27:40:[m[K [01;31m[Kerror: [m[Kâ€˜[01m[Ksl[m[Kâ€™ has not been declared
[1.803s]    27 |     init_parameters.camera_resolution= [01;31m[Ksl[m[K::RESOLUTION::AUTO;
[1.803s]       |                                        [01;31m[K^~[m[K
[1.803s] [01m[K/home/adimas/zed_ros2/src/open_cam/src/main.cpp:28:34:[m[K [01;31m[Kerror: [m[Kâ€˜[01m[Ksl[m[Kâ€™ has not been declared
[1.803s]    28 |     init_parameters.depth_mode = [01;31m[Ksl[m[K::DEPTH_MODE::NONE; // no depth computation required here
[1.804s]       |                                  [01;31m[K^~[m[K
[1.805s] [01m[K/home/adimas/zed_ros2/src/open_cam/src/main.cpp:29:15:[m[K [01;31m[Kerror: [m[Kâ€˜[01m[Kargc[m[Kâ€™ was not declared in this scope
[1.805s]    29 |     parseArgs([01;31m[Kargc[m[K,argv, init_parameters);
[1.805s]       |               [01;31m[K^~~~[m[K
[1.806s] [01m[K/home/adimas/zed_ros2/src/open_cam/src/main.cpp:29:20:[m[K [01;31m[Kerror: [m[Kâ€˜[01m[Kargv[m[Kâ€™ was not declared in this scope
[1.806s]    29 |     parseArgs(argc,[01;31m[Kargv[m[K, init_parameters);
[1.806s]       |                    [01;31m[K^~~~[m[K
[1.809s] [01m[K/home/adimas/zed_ros2/src/open_cam/src/main.cpp:29:5:[m[K [01;31m[Kerror: [m[Kâ€˜[01m[KparseArgs[m[Kâ€™ was not declared in this scope
[1.809s]    29 |     [01;31m[KparseArgs[m[K(argc,argv, init_parameters);
[1.809s]       |     [01;31m[K^~~~~~~~~[m[K
[1.810s] [01m[K/home/adimas/zed_ros2/src/open_cam/src/main.cpp:34:5:[m[K [01;31m[Kerror: [m[Kâ€˜[01m[Kzed[m[Kâ€™ was not declared in this scope
[1.810s]    34 |     [01;31m[Kzed[m[K.retrieveImage(frame, VIEW::LEFT);
[1.810s]       |     [01;31m[K^~~[m[K
[1.810s] [01m[K/home/adimas/zed_ros2/src/open_cam/src/main.cpp:34:30:[m[K [01;31m[Kerror: [m[Kâ€˜[01m[KVIEW[m[Kâ€™ has not been declared
[1.810s]    34 |     zed.retrieveImage(frame, [01;31m[KVIEW[m[K::LEFT);
[1.810s]       |                              [01;31m[K^~~~[m[K
[1.810s] [01m[K/home/adimas/zed_ros2/src/open_cam/src/main.cpp:35:43:[m[K [01;31m[Kerror: [m[Kâ€˜[01m[Kclass cv::Mat[m[Kâ€™ has no member named â€˜[01m[KgetHeight[m[Kâ€™
[1.810s]    35 |     cv::Mat cvImage = cv::Mat((int) frame.[01;31m[KgetHeight[m[K(), (int) frame.getWidth(), CV_8UC4, zed_image.getPtr<sl::uchar1>(sl::MEM::CPU));
[1.810s]       |                                           [01;31m[K^~~~~~~~~[m[K
[1.811s] [01m[K/home/adimas/zed_ros2/src/open_cam/src/main.cpp:35:68:[m[K [01;31m[Kerror: [m[Kâ€˜[01m[Kclass cv::Mat[m[Kâ€™ has no member named â€˜[01m[KgetWidth[m[Kâ€™
[1.811s]    35 | cv::Mat cvImage = cv::Mat((int) frame.getHeight(), (int) frame.[01;31m[KgetWidth[m[K(), CV_8UC4, zed_image.getPtr<sl::uchar1>(sl::MEM::CPU));
[1.811s]       |                                                                [01;31m[K^~~~~~~~[m[K
[1.811s] 
[1.813s] [01m[K/home/adimas/zed_ros2/src/open_cam/src/main.cpp:35:89:[m[K [01;31m[Kerror: [m[Kâ€˜[01m[Kzed_image[m[Kâ€™ was not declared in this scope
[1.813s]    35 | :Mat((int) frame.getHeight(), (int) frame.getWidth(), CV_8UC4, [01;31m[Kzed_image[m[K.getPtr<sl::uchar1>(sl::MEM::CPU));
[1.813s]       |                                                                [01;31m[K^~~~~~~~~[m[K
[1.813s] 
[1.814s] [01m[K/home/adimas/zed_ros2/src/open_cam/src/main.cpp:35:106:[m[K [01;31m[Kerror: [m[Kâ€˜[01m[Ksl[m[Kâ€™ was not declared in this scope
[1.814s]    35 | getHeight(), (int) frame.getWidth(), CV_8UC4, zed_image.getPtr<[01;31m[Ksl[m[K::uchar1>(sl::MEM::CPU));
[1.814s]       |                                                                [01;31m[K^~[m[K
[1.814s] 
[2.641s] make[2]: *** [CMakeFiles/open_cam.dir/build.make:76: CMakeFiles/open_cam.dir/src/main.cpp.o] Error 1
[2.641s] make[1]: *** [CMakeFiles/Makefile2:137: CMakeFiles/open_cam.dir/all] Error 2
[2.641s] make: *** [Makefile:146: all] Error 2
[2.642s] Invoked command in '/home/adimas/zed_ros2/build/open_cam' returned '2': CMAKE_PREFIX_PATH=${CMAKE_PREFIX_PATH}:/opt/ros/foxy /usr/bin/cmake --build /home/adimas/zed_ros2/build/open_cam -- -j8 -l8
